<?xml version="1.0" encoding="UTF-8"?>
<!-- Generated by org.testng.reporters.JUnitXMLReporter -->
<testsuite hostname="DESKTOP-M2PQM9O" ignored="0" name="Surefire test" tests="2" failures="0" timestamp="04 sep 2020 02:16:44 GMT" time="40.658" errors="0">
  <testcase name="TestComplejos" time="8.673" classname="com.com470.seleniumMercuryApp.SeleniumMercuryAppApplicationNGTest"/>
  <testcase name="TestSimple" time="8.854" classname="com.com470.seleniumMercuryApp.SeleniumMercuryAppApplicationNGTest"/>
</testsuite> <!-- Surefire test -->
