<?xml version="1.0" encoding="UTF-8"?>
<testsuite xmlns:xsi="http://www.w3.org/2001/XMLSchema-instance" xsi:schemaLocation="https://maven.apache.org/surefire/maven-surefire-plugin/xsd/surefire-test-report.xsd" name="com.com470.seleniumMercuryApp.SeleniumMercuryAppApplicationNGTest" time="40.973" tests="2" errors="0" skipped="0" failures="0">
  <properties>
[...]
</properties>
  <testcase name="TestComplejos" classname="com.com470.seleniumMercuryApp.SeleniumMercuryAppApplicationNGTest" time="8.672"/>
  <testcase name="TestSimple" classname="com.com470.seleniumMercuryApp.SeleniumMercuryAppApplicationNGTest" time="8.854"/>
</testsuite>